<?xml version="1.0" encoding="UTF-8"?>
<!-- Generated by org.testng.reporters.JUnitXMLReporter -->
<testsuite ignored="0" hostname="DESKTOP-CB3S4U6" failures="0" tests="4" name="Default test" time="0.093" errors="0" timestamp="2021-08-29T23:01:59 IST">
  <testcase classname="testNG.DataDrivenConceptInTestNG" name="getData" time="0.009"/>
  <testcase classname="testNG.DataDrivenConceptInTestNG" name="getData" time="0.004"/>
  <testcase classname="testNG.DataDrivenConceptInTestNG" name="getData" time="0.009"/>
  <testcase classname="testNG.DataDrivenConceptInTestNG" name="getData" time="0.003"/>
</testsuite> <!-- Default test -->
