<?xml version="1.0" encoding="UTF-8"?>
<!-- Generated by org.testng.reporters.JUnitXMLReporter -->
<testsuite ignored="4" hostname="DESKTOP-CB3S4U6" failures="0" tests="3" name="Test" time="0.088" errors="0" timestamp="2021-08-31T12:43:15 IST">
  <testcase classname="testNG.AnnotationsMainClass" name="bun" time="0.009"/>
  <testcase classname="testNG.AnnotationsMainClass" name="run" time="0.003"/>
  <testcase classname="testNG.AnnotationsMainClass2" name="gun" time="0.002"/>
  <testcase classname="testNG.AnnotationsInTestNG" name="@AfterSuite h" time="0.0">
    <ignored/>
  </testcase> <!-- @AfterSuite h -->
  <testcase classname="testNG.AnnotationsInTestNG" name="@BeforeTest e" time="0.0">
    <ignored/>
  </testcase> <!-- @BeforeTest e -->
  <testcase classname="testNG.AnnotationsInTestNG" name="@BeforeSuite g" time="0.0">
    <ignored/>
  </testcase> <!-- @BeforeSuite g -->
  <testcase classname="testNG.AnnotationsInTestNG" name="@AfterTest f" time="0.0">
    <ignored/>
  </testcase> <!-- @AfterTest f -->
</testsuite> <!-- Test -->
